  1) Contract: FiatToken_MiscTests
       ms010 should configure two minters and each mint distinct amounts:
     AssertionError: sum of balances is not equal to totalSupply
      at checkVariables (test/TokenTestUtils.js:282:9)
      at <anonymous>
      at process._tickCallback (internal/process/next_tick.js:189:7)
  2) Contract: FiatToken_MiscTests
       ms011 should configure two minters, each minting distinct amounts and then remove one minter:
     AssertionError: sum of balances is not equal to totalSupply
      at checkVariables (test/TokenTestUtils.js:282:9)
      at <anonymous>
      at process._tickCallback (internal/process/next_tick.js:189:7)
  3) Contract: FiatToken_MiscTests
       ms013 should configure two minters, one with zero allowance fails to mint:
     AssertionError: sum of balances is not equal to totalSupply
      at checkVariables (test/TokenTestUtils.js:282:9)
      at <anonymous>
      at process._tickCallback (internal/process/next_tick.js:189:7)
  4) Contract: FiatToken_MiscTests
       ms015 should configure two minters, blacklist one and ensure it cannot mint, then unblacklist and ensure it can mint:
     AssertionError: sum of balances is not equal to totalSupply
      at checkVariables (test/TokenTestUtils.js:282:9)
      at <anonymous>
      at process._tickCallback (internal/process/next_tick.js:189:7)
  5) Contract: FiatToken_MiscTests
       ms051 transfer works on amount=2^256-1:
     AssertionError: sum of balances is not equal to totalSupply
      at checkVariables (test/TokenTestUtils.js:282:9)
      at <anonymous>
      at process._tickCallback (internal/process/next_tick.js:189:7)


  11) Contract: FiatToken_NegativeTests
       nt022 should fail to transfer to blacklisted recipient:
     AssertionError: sum of balances is not equal to totalSupply
      at checkVariables (test/TokenTestUtils.js:282:9)
      at <anonymous>
      at process._tickCallback (internal/process/next_tick.js:189:7)

  13) Contract: FiatToken_PositiveTests
       pt008 should transfer, reducing sender balance by amount and increasing recipient balance by amount:
     AssertionError: sum of balances is not equal to totalSupply
      at checkVariables (test/TokenTestUtils.js:282:9)
      at <anonymous>
      at process._tickCallback (internal/process/next_tick.js:189:7)
  14) Contract: FiatToken_PositiveTests
       pt007 should transferFrom, reducing sender balance by amount and increasing recipient balance by amount:
     AssertionError: sum of balances is not equal to totalSupply
      at checkVariables (test/TokenTestUtils.js:282:9)
      at <anonymous>
      at process._tickCallback (internal/process/next_tick.js:189:7)

  17) Contract: FiatToken_ProxyNegativeTests
       nut011 should fail to upgradeToAndCall with initialize (already set variables):
     AssertionError: sum of balances is not equal to totalSupply
      at checkVariables (test/TokenTestUtils.js:282:9)
      at <anonymous>
      at process._tickCallback (internal/process/next_tick.js:189:7)

  19) Contract: FiatToken_ProxyPositiveTests
       upt001 should upgradeTo new contract and preserve data field values:
     AssertionError: sum of balances is not equal to totalSupply
      at checkVariables (test/TokenTestUtils.js:282:9)
      at <anonymous>
      at process._tickCallback (internal/process/next_tick.js:189:7)
  20) Contract: FiatToken_ProxyPositiveTests
       upt002 should upgradeToandCall to contract with new data fields set on initVX and ensure new fields are correct and old data is preserved:
     AssertionError: sum of balances is not equal to totalSupply
      at checkVariables (test/TokenTestUtils.js:282:9)
      at <anonymous>
      at process._tickCallback (internal/process/next_tick.js:189:7)
  21) Contract: FiatToken_ProxyPositiveTests
       upt003 should upgradeToAndCall to contract with new data fields set on initVX and new logic and ensure old data preserved,new logic works, and new fields correct:
     AssertionError: sum of balances is not equal to totalSupply
      at checkVariables (test/TokenTestUtils.js:282:9)
      at <anonymous>
      at process._tickCallback (internal/process/next_tick.js:189:7)
  22) Contract: FiatToken_ProxyPositiveTests
       upt005 should receive Transfer event on transfer when proxied after upgrade:
     AssertionError: sum of balances is not equal to totalSupply
      at checkVariables (test/TokenTestUtils.js:282:9)
      at <anonymous>
      at process._tickCallback (internal/process/next_tick.js:189:7)
  23) Contract: FiatToken_ProxyPositiveTests
       upt007 should upgrade contract to original address:
     AssertionError: sum of balances is not equal to totalSupply
      at checkVariables (test/TokenTestUtils.js:282:9)
      at <anonymous>
      at process._tickCallback (internal/process/next_tick.js:189:7)

Spreadsheet Verification Summary:
Did not run: MINTp0 - ArgumentTests
Did not run: MINTp0 - EndToEndTests
Did not run: MINTp0 - EventTests
Did not run: MINTp0_ArgumentTests
✓ Test run contains all tests in spreadsheet.
---------------------|----------|----------|----------|----------|----------------|
File                 |  % Stmts | % Branch |  % Funcs |  % Lines |Uncovered Lines |
---------------------|----------|----------|----------|----------|----------------|
 contracts/          |      100 |      100 |      100 |      100 |                |
  Blacklistable.sol  |      100 |      100 |      100 |      100 |                |
  FiatTokenProxy.sol |      100 |      100 |      100 |      100 |                |
  FiatTokenV1.sol    |      100 |      100 |      100 |      100 |                |
  FiatTokenV2.sol    |      100 |      100 |      100 |      100 |                |
  Ownable.sol        |      100 |      100 |      100 |      100 |                |
  Pausable.sol       |      100 |      100 |      100 |      100 |                |
 contracts/minting/  |      100 |    83.33 |      100 |      100 |                |
  Controller.sol     |      100 |       75 |      100 |      100 |                |
  MasterMinter.sol   |      100 |      100 |      100 |      100 |                |
  MintController.sol |      100 |      100 |      100 |      100 |                |
---------------------|----------|----------|----------|----------|----------------|
All files            |      100 |    98.28 |      100 |      100 |                |
---------------------|----------|----------|----------|----------|----------------|
Istanbul coverage reports generated
Cleaning up...
Shutting down testrpc-sc (pid 6475)
Some truffle tests failed while running coverage
npm ERR! Test failed.  See above for more details.
The command "yarn check --integrity && truffle compile && npm test" exited with 1.
Done. Your build exited with 1.
Top
©TRAVIS CI, GMBH
Rigaer Straße 8
10247 Berlin, Germany
Work with Travis CI
Blog
Email
Twitter
HELP
Documentation
Community
Changelog
Plans and Pricing
LEGAL
Imprint
Terms of Service
Privacy Policy
Security Statement
TRAVIS CI STATUS
Status: Travis CI Status